In file included from ../src/bufferutil.cc:7:0:
/home/ankit/.node-gyp/4.2.2/include/node/v8.h:336:1: error: expected unqualified-id before ‘using’
/home/ankit/.node-gyp/4.2.2/include/node/v8.h:469:1: error: expected unqualified-id before ‘using’
/home/ankit/.node-gyp/4.2.2/include/node/v8.h:852:1: error: expected unqualified-id before ‘using’
In file included from ../src/bufferutil.cc:15:0:
../node_modules/nan/nan.h:206:9: error: ‘v8::Handle’ has not been declared
../node_modules/nan/nan.h:206:15: error: expected ‘,’ or ‘...’ before ‘<’ token
../node_modules/nan/nan.h: In function ‘bool NanBooleanOptionValue(v8::Local<v8::Object>, int)’:
../node_modules/nan/nan.h:208:7: error: ‘def’ was not declared in this scope
../node_modules/nan/nan.h:210:27: error: ‘opt’ was not declared in this scope
../node_modules/nan/nan.h:214:26: error: ‘opt’ was not declared in this scope
../node_modules/nan/nan.h: At global scope:
../node_modules/nan/nan.h:221:9: error: ‘v8::Handle’ has not been declared
../node_modules/nan/nan.h:221:15: error: expected ‘,’ or ‘...’ before ‘<’ token
../node_modules/nan/nan.h: In function ‘bool NanBooleanOptionValue(v8::Local<v8::Object>, int)’:
../node_modules/nan/nan.h:219:17: error: redefinition of ‘bool NanBooleanOptionValue(v8::Local<v8::Object>, int)’
../node_modules/nan/nan.h:204:17: error: ‘bool NanBooleanOptionValue(v8::Local<v8::Object>, int)’ previously defined here
../node_modules/nan/nan.h:223:44: error: ‘opt’ was not declared in this scope
../node_modules/nan/nan.h: At global scope:
../node_modules/nan/nan.h:228:9: error: ‘v8::Handle’ has not been declared
../node_modules/nan/nan.h:228:15: error: expected ‘,’ or ‘...’ before ‘<’ token
../node_modules/nan/nan.h: In function ‘uint32_t NanUInt32OptionValue(v8::Local<v8::Object>, int)’:
../node_modules/nan/nan.h:232:24: error: ‘opt’ was not declared in this scope
../node_modules/nan/nan.h:235:9: error: ‘def’ was not declared in this scope
../node_modules/nan/nan.h: At global scope:
../node_modules/nan/nan.h:334:11: error: ‘NanNew’ declared as an ‘inline’ variable
../node_modules/nan/nan.h:334:11: warning: ‘always_inline’ attribute ignored [-Wattributes]
../node_modules/nan/nan.h:334:11: error: template declaration of ‘v8::Local<v8::Signature> NanNew’
../node_modules/nan/nan.h:334:7: error: ‘Handle’ is not a member of ‘v8’
../node_modules/nan/nan.h:334:38: error: expected primary-expression before ‘>’ token
../node_modules/nan/nan.h:334:40: error: ‘receiver’ was not declared in this scope
../node_modules/nan/nan.h:335:7: error: expected primary-expression before ‘int’
../node_modules/nan/nan.h:336:7: error: ‘Handle’ is not a member of ‘v8’
../node_modules/nan/nan.h:336:38: error: expected primary-expression before ‘>’ token
../node_modules/nan/nan.h:336:40: error: ‘argv’ was not declared in this scope
../node_modules/nan/nan.h:336:45: error: expected primary-expression before ‘]’ token
../node_modules/nan/nan.h:343:11: error: ‘v8::Handle’ has not been declared
../node_modules/nan/nan.h:343:17: error: expected ‘,’ or ‘...’ before ‘<’ token
../node_modules/nan/nan.h: In function ‘v8::Local<v8::FunctionTemplate> NanNew(NanFunctionCallback, int)’:
../node_modules/nan/nan.h:345:42: error: ‘data’ was not declared in this scope
../node_modules/nan/nan.h:345:48: error: ‘signature’ was not declared in this scope
../node_modules/nan/nan.h: At global scope:
../node_modules/nan/nan.h:349:38: error: ‘NanNew’ declared as an ‘inline’ variable
../node_modules/nan/nan.h:349:38: warning: ‘always_inline’ attribute ignored [-Wattributes]
../node_modules/nan/nan.h:349:38: error: template declaration of ‘v8::Local<T> NanNew’
../node_modules/nan/nan.h:349:34: error: ‘Handle’ is not a member of ‘v8’
../node_modules/nan/nan.h:349:46: error: expected primary-expression before ‘>’ token
../node_modules/nan/nan.h:349:48: error: ‘arg1’ was not declared in this scope
../node_modules/nan/nan.h:409:19: error: ‘NanNew’ declared as an ‘inline’ variable
../node_modules/nan/nan.h:409:19: warning: ‘always_inline’ attribute ignored [-Wattributes]
../node_modules/nan/nan.h:409:19: error: ‘v8::Local<v8::String> NanNew’ redeclared as different kind of symbol
../node_modules/nan/nan.h:403:36: error: previous declaration of ‘v8::Local<v8::String> NanNew(v8::String::ExternalStringResource*)’
../node_modules/nan/nan.h:409:7: error: ‘ExternalAsciiStringResource’ is not a member of ‘v8::String’
../node_modules/nan/nan.h:409:48: error: ‘resource’ was not declared in this scope
../node_modules/nan/nan.h:427:28: error: ‘Handle’ is not a member of ‘v8’
../node_modules/nan/nan.h:427:28: error: ‘Handle’ is not a member of ‘v8’
../node_modules/nan/nan.h:427:3: error: parse error in template argument list
../node_modules/nan/nan.h:427:51: error: expected initializer before ‘>’ token
../node_modules/nan/nan.h:439:11: error: ‘NanNew’ declared as an ‘inline’ variable
../node_modules/nan/nan.h:439:11: warning: ‘always_inline’ attribute ignored [-Wattributes]
../node_modules/nan/nan.h:439:11: error: template declaration of ‘v8::Local<v8::RegExp> NanNew’
../node_modules/nan/nan.h:439:7: error: ‘Handle’ is not a member of ‘v8’
../node_modules/nan/nan.h:439:28: error: expected primary-expression before ‘>’ token
../node_modules/nan/nan.h:439:30: error: ‘pattern’ was not declared in this scope
../node_modules/nan/nan.h:439:57: error: expected primary-expression before ‘flags’
../node_modules/nan/nan.h:451:11: error: ‘NanNew’ declared as an ‘inline’ variable
../node_modules/nan/nan.h:451:11: warning: ‘always_inline’ attribute ignored [-Wattributes]
../node_modules/nan/nan.h:451:11: error: template declaration of ‘v8::Local<v8::RegExp> NanNew’
../node_modules/nan/nan.h:451:7: error: ‘Handle’ is not a member of ‘v8’
../node_modules/nan/nan.h:451:28: error: expected primary-expression before ‘>’ token
../node_modules/nan/nan.h:451:30: error: ‘pattern’ was not declared in this scope
../node_modules/nan/nan.h:451:57: error: expected primary-expression before ‘flags’
../node_modules/nan/nan.h:617:11: error: ‘v8::Handle’ has not been declared
../node_modules/nan/nan.h:617:17: error: expected ‘,’ or ‘...’ before ‘<’ token
../node_modules/nan/nan.h: In function ‘void NanAssignPersistent(v8::Persistent<T, v8::NonCopyablePersistentTraits<T> >&, int)’:
../node_modules/nan/nan.h:618:33: error: ‘obj’ was not declared in this scope
../node_modules/nan/nan.h: At global scope:
../node_modules/nan/nan.h:632:36: error: expected ‘)’ before ‘<’ token
../node_modules/nan/nan.h:696:9: error: variable or field ‘NanMakeWeakPersistent’ declared void
../node_modules/nan/nan.h:696:5: error: ‘Handle’ is not a member of ‘v8’
../node_modules/nan/nan.h:696:17: error: expected primary-expression before ‘>’ token
../node_modules/nan/nan.h:696:19: error: ‘handle’ was not declared in this scope
../node_modules/nan/nan.h:697:6: error: expected primary-expression before ‘*’ token
../node_modules/nan/nan.h:697:8: error: ‘parameter’ was not declared in this scope
../node_modules/nan/nan.h:698:51: error: expected ‘(’ before ‘callback’
../node_modules/nan/nan.h:720:37: error: variable or field ‘NanThrowError’ declared void
../node_modules/nan/nan.h:720:33: error: ‘Handle’ is not a member of ‘v8’
../node_modules/nan/nan.h:720:53: error: expected primary-expression before ‘>’ token
../node_modules/nan/nan.h:720:55: error: ‘error’ was not declared in this scope
../node_modules/nan/nan.h: In function ‘void NanThrowError(const char*, int)’:
../node_modules/nan/nan.h:739:45: error: no matching function for call to ‘NanThrowError(v8::Local<v8::Value>)’
../node_modules/nan/nan.h:739:45: note: candidates are:
../node_modules/nan/nan.h:716:19: note: void NanThrowError(const char*)
../node_modules/nan/nan.h:716:19: note:   no known conversion for argument 1 from ‘v8::Local<v8::Value>’ to ‘const char*’
../node_modules/nan/nan.h:735:19: note: void NanThrowError(const char*, int)
../node_modules/nan/nan.h:735:19: note:   candidate expects 2 arguments, 1 provided
../node_modules/nan/nan.h: At global scope:
../node_modules/nan/nan.h:767:13: error: ‘node::smalloc’ has not been declared
../node_modules/nan/nan.h:767:35: error: expected ‘,’ or ‘...’ before ‘callback’
../node_modules/nan/nan.h: In function ‘v8::Local<v8::Object> NanNewBufferHandle(char*, size_t, int)’:
../node_modules/nan/nan.h:770:57: error: ‘callback’ was not declared in this scope
../node_modules/nan/nan.h:770:67: error: ‘hint’ was not declared in this scope
../node_modules/nan/nan.h: In function ‘v8::Local<v8::Object> NanNewBufferHandle(const char*, uint32_t)’:
../node_modules/nan/nan.h:777:53: error: call of overloaded ‘New(v8::Isolate*&, const char*&, uint32_t&)’ is ambiguous
../node_modules/nan/nan.h:777:53: note: candidates are:
/home/ankit/.node-gyp/4.2.2/include/node/node_buffer.h:31:40: note: v8::MaybeLocal<v8::Object> node::Buffer::New(v8::Isolate*, v8::Local<v8::String>, node::encoding) <near match>
/home/ankit/.node-gyp/4.2.2/include/node/node_buffer.h:31:40: note:   no known conversion for argument 3 from ‘uint32_t {aka unsigned int}’ to ‘node::encoding’
/home/ankit/.node-gyp/4.2.2/include/node/node_buffer.h:43:40: note: v8::MaybeLocal<v8::Object> node::Buffer::New(v8::Isolate*, char*, size_t) <near match>
/home/ankit/.node-gyp/4.2.2/include/node/node_buffer.h:43:40: note:   no known conversion for argument 2 from ‘const char*’ to ‘char*’
../node_modules/nan/nan.h: In function ‘v8::Local<v8::Object> NanNewBufferHandle(uint32_t)’:
../node_modules/nan/nan.h:781:47: error: could not convert ‘node::Buffer::New(nan_isolate, ((size_t)size))’ from ‘v8::MaybeLocal<v8::Object>’ to ‘v8::Local<v8::Object>’
../node_modules/nan/nan.h: In function ‘v8::Local<v8::Object> NanBufferUse(char*, uint32_t)’:
../node_modules/nan/nan.h:788:12: error: ‘Use’ is not a member of ‘node::Buffer’
../node_modules/nan/nan.h: At global scope:
../node_modules/nan/nan.h:793:11: error: ‘v8::Handle’ has not been declared
../node_modules/nan/nan.h:793:17: error: expected ‘,’ or ‘...’ before ‘<’ token
../node_modules/nan/nan.h: In function ‘bool NanHasInstance(v8::Persistent<v8::FunctionTemplate>&, int)’:
../node_modules/nan/nan.h:795:51: error: ‘value’ was not declared in this scope
../node_modules/nan/nan.h: At global scope:
../node_modules/nan/nan.h:800:11: error: ‘v8::Handle’ has not been declared
../node_modules/nan/nan.h:800:17: error: expected ‘,’ or ‘...’ before ‘<’ token
../node_modules/nan/nan.h: In function ‘v8::Local<v8::Context> NanNewContextHandle(v8::ExtensionConfiguration*, int)’:
../node_modules/nan/nan.h:798:37: error: default argument missing for parameter 2 of ‘v8::Local<v8::Context> NanNewContextHandle(v8::ExtensionConfiguration*, int)’
../node_modules/nan/nan.h:805:51: error: ‘tmpl’ was not declared in this scope
../node_modules/nan/nan.h:805:57: error: ‘obj’ was not declared in this scope
../node_modules/nan/nan.h: At global scope:
../node_modules/nan/nan.h:1443:30: error: ‘Handle’ in namespace ‘v8’ does not name a type
../node_modules/nan/nan.h:1443:34: error: ISO C++ forbids declaration of ‘parameter’ with no type [-fpermissive]
../node_modules/nan/nan.h:1443:40: error: expected ‘,’ or ‘...’ before ‘<’ token
../node_modules/nan/nan.h:1455:37: error: ‘Handle’ in namespace ‘v8’ does not name a type
../node_modules/nan/nan.h:1455:41: error: ISO C++ forbids declaration of ‘parameter’ with no type [-fpermissive]
../node_modules/nan/nan.h:1455:47: error: expected ‘,’ or ‘...’ before ‘<’ token
../node_modules/nan/nan.h:1465:27: error: ‘v8::Handle’ has not been declared
../node_modules/nan/nan.h:1465:33: error: expected ‘,’ or ‘...’ before ‘<’ token
../node_modules/nan/nan.h: In constructor ‘NanCallback::NanCallback()’:
../node_modules/nan/nan.h:1440:36: error: no matching function for call to ‘NanAssignPersistent(v8::Persistent<v8::Object>&, v8::Local<v8::Object>&)’
../node_modules/nan/nan.h:1440:36: note: candidates are:
../node_modules/nan/nan.h:615:19: note: template<class T> void NanAssignPersistent(v8::Persistent<T, v8::NonCopyablePersistentTraits<T> >&, int)
../node_modules/nan/nan.h:622:19: note: template<class T> void NanAssignPersistent(v8::Persistent<T, v8::NonCopyablePersistentTraits<T> >&, const v8::Persistent<T, v8::NonCopyablePersistentTraits<T> >&)
../node_modules/nan/nan.h: In constructor ‘NanCallback::NanCallback(int)’:
../node_modules/nan/nan.h:1446:36: error: no matching function for call to ‘NanAssignPersistent(v8::Persistent<v8::Object>&, v8::Local<v8::Object>&)’
../node_modules/nan/nan.h:1446:36: note: candidates are:
../node_modules/nan/nan.h:615:19: note: template<class T> void NanAssignPersistent(v8::Persistent<T, v8::NonCopyablePersistentTraits<T> >&, int)
../node_modules/nan/nan.h:622:19: note: template<class T> void NanAssignPersistent(v8::Persistent<T, v8::NonCopyablePersistentTraits<T> >&, const v8::Persistent<T, v8::NonCopyablePersistentTraits<T> >&)
../node_modules/nan/nan.h:1447:17: error: ‘fn’ was not declared in this scope
../node_modules/nan/nan.h: In member function ‘void NanCallback::SetFunction(int)’:
../node_modules/nan/nan.h:1457:48: error: ‘fn’ was not declared in this scope
../node_modules/nan/nan.h: In member function ‘void NanCallback::Call(int, int)’:
../node_modules/nan/nan.h:1475:9: error: ‘argv’ was not declared in this scope
../node_modules/nan/nan.h: In constructor ‘NanAsyncWorker::NanAsyncWorker(NanCallback*)’:
../node_modules/nan/nan.h:1505:46: error: no matching function for call to ‘NanAssignPersistent(v8::Persistent<v8::Object>&, v8::Local<v8::Object>&)’
../node_modules/nan/nan.h:1505:46: note: candidates are:
../node_modules/nan/nan.h:615:19: note: template<class T> void NanAssignPersistent(v8::Persistent<T, v8::NonCopyablePersistentTraits<T> >&, int)
../node_modules/nan/nan.h:622:19: note: template<class T> void NanAssignPersistent(v8::Persistent<T, v8::NonCopyablePersistentTraits<T> >&, const v8::Persistent<T, v8::NonCopyablePersistentTraits<T> >&)
../node_modules/nan/nan.h: In member function ‘virtual void NanAsyncWorker::HandleOKCallback()’:
../node_modules/nan/nan.h:1553:27: warning: passing NULL to non-pointer argument 2 of ‘void NanCallback::Call(int, int)’ [-Wconversion-null]
../node_modules/nan/nan.h: In member function ‘virtual void NanAsyncWorker::HandleErrorCallback()’:
../node_modules/nan/nan.h:1562:27: error: invalid conversion from ‘v8::Local<v8::Value>*’ to ‘int’ [-fpermissive]
../node_modules/nan/nan.h:1465:8: error:   initializing argument 2 of ‘void NanCallback::Call(int, int)’ [-fpermissive]
../node_modules/nan/nan.h: At global scope:
../node_modules/nan/nan.h:1715:5: error: ‘Handle’ is not a member of ‘v8’
../node_modules/nan/nan.h:1715:25: error: expected primary-expression before ‘>’ token
../node_modules/nan/nan.h:1715:27: error: ‘val’ was not declared in this scope
../node_modules/nan/nan.h:1716:5: error: expected primary-expression before ‘const’
../node_modules/nan/nan.h:1717:11: error: expected primary-expression before ‘*’ token
../node_modules/nan/nan.h:1717:13: error: ‘len’ was not declared in this scope
../node_modules/nan/nan.h:1718:1: error: expression list treated as compound expression in initializer [-fpermissive]
../node_modules/nan/nan.h:1718:3: error: expected ‘,’ or ‘;’ before ‘{’ token
../node_modules/nan/nan.h:1714:13: warning: ‘_NanGetExternalParts’ defined but not used [-Wunused-variable]
make: *** [Release/obj.target/bufferutil/src/bufferutil.o] Error 1
gyp ERR! build error 
gyp ERR! stack Error: `make` failed with exit code: 2
gyp ERR! stack     at ChildProcess.onExit (/usr/lib/node_modules/npm/node_modules/node-gyp/lib/build.js:270:23)
gyp ERR! stack     at emitTwo (events.js:87:13)
gyp ERR! stack     at ChildProcess.emit (events.js:172:7)
gyp ERR! stack     at Process.ChildProcess._handle.onexit (internal/child_process.js:200:12)
gyp ERR! System Linux 3.13.0-44-generic
gyp ERR! command "/usr/bin/nodejs" "/usr/lib/node_modules/npm/node_modules/node-gyp/bin/node-gyp.js" "rebuild"
gyp ERR! cwd /home/ankit/Documents/angular/angular-phonecat/node_modules/karma/node_modules/socket.io/node_modules/socket.io-client/node_modules/ws
gyp ERR! node -v v4.2.2
gyp ERR! node-gyp -v v3.0.3
gyp ERR! not ok 
